<?xml version="1.0" encoding="UTF-8"?>
<testng-results ignored="0" total="2" passed="2" failed="0" skipped="0">
  <reporter-output>
  </reporter-output>
  <suite started-at="2024-01-24T15:21:53 IST" name="Default suite" finished-at="2024-01-24T15:22:00 IST" duration-ms="7626">
    <groups>
    </groups>
    <test started-at="2024-01-24T15:21:53 IST" name="Default test" finished-at="2024-01-24T15:22:00 IST" duration-ms="7626">
      <class name="IntroductionLog">
        <test-method is-config="true" signature="setUp()[pri:0, instance:IntroductionLog@42e99e4a]" started-at="2024-01-24T15:21:53 IST" name="setUp" finished-at="2024-01-24T15:22:00 IST" duration-ms="7027" status="PASS">
          <reporter-output>
          </reporter-output>
        </test-method> <!-- setUp -->
        <test-method signature="validLoginTest()[pri:1, instance:IntroductionLog@42e99e4a]" started-at="2024-01-24T15:22:00 IST" name="validLoginTest" finished-at="2024-01-24T15:22:00 IST" duration-ms="204" status="PASS">
          <reporter-output>
          </reporter-output>
        </test-method> <!-- validLoginTest -->
        <test-method signature="invalidLoginTest()[pri:2, instance:IntroductionLog@42e99e4a]" started-at="2024-01-24T15:22:00 IST" name="invalidLoginTest" finished-at="2024-01-24T15:22:00 IST" duration-ms="221" status="PASS">
          <reporter-output>
          </reporter-output>
        </test-method> <!-- invalidLoginTest -->
        <test-method is-config="true" signature="tearDown()[pri:0, instance:IntroductionLog@42e99e4a]" started-at="2024-01-24T15:22:00 IST" name="tearDown" finished-at="2024-01-24T15:22:00 IST" duration-ms="147" status="PASS">
          <reporter-output>
          </reporter-output>
        </test-method> <!-- tearDown -->
      </class> <!-- IntroductionLog -->
    </test> <!-- Default test -->
  </suite> <!-- Default suite -->
</testng-results>
